<?xml version="1.0" encoding="UTF-8"?>
<testng-results ignored="0" total="1" passed="1" failed="0" skipped="0">
  <reporter-output>
  </reporter-output>
  <suite started-at="2021-11-01T15:38:05 AEDT" name="Default Suite" finished-at="2021-11-01T15:39:05 AEDT" duration-ms="60139">
    <groups>
    </groups>
    <test started-at="2021-11-01T15:38:05 AEDT" name="Proj" finished-at="2021-11-01T15:39:05 AEDT" duration-ms="60139">
      <class name="TestGumTree">
        <test-method is-config="true" signature="beforeEachTest(java.lang.reflect.Method)[pri:0, instance:TestGumTree@12028586]" started-at="2021-11-01T15:38:05 AEDT" name="beforeEachTest" finished-at="2021-11-01T15:38:31 AEDT" duration-ms="25808" status="PASS">
          <params>
            <param index="0">
              <value>
                <![CDATA[public void TestGumTree.TestSearch() throws java.lang.InterruptedException]]>
              </value>
            </param>
          </params>
          <reporter-output>
          </reporter-output>
        </test-method> <!-- beforeEachTest -->
        <test-method signature="TestSearch()[pri:0, instance:TestGumTree@12028586]" started-at="2021-11-01T15:38:31 AEDT" name="TestSearch" finished-at="2021-11-01T15:39:03 AEDT" duration-ms="31617" status="PASS">
          <reporter-output>
          </reporter-output>
        </test-method> <!-- TestSearch -->
        <test-method is-config="true" signature="completedTest()[pri:0, instance:TestGumTree@12028586]" started-at="2021-11-01T15:39:03 AEDT" name="completedTest" finished-at="2021-11-01T15:39:05 AEDT" duration-ms="2609" status="PASS">
          <reporter-output>
          </reporter-output>
        </test-method> <!-- completedTest -->
      </class> <!-- TestGumTree -->
    </test> <!-- Proj -->
  </suite> <!-- Default Suite -->
</testng-results>
