<?xml version="1.0" encoding="UTF-8"?>
<testng-results ignored="0" total="1" passed="1" failed="0" skipped="0">
  <reporter-output>
  </reporter-output>
  <suite started-at="2021-11-01T19:29:41 AEDT" name="Default Suite" finished-at="2021-11-01T19:30:44 AEDT" duration-ms="62634">
    <groups>
    </groups>
    <test started-at="2021-11-01T19:29:41 AEDT" name="Proj" finished-at="2021-11-01T19:30:44 AEDT" duration-ms="62634">
      <class name="TestGumTree">
        <test-method is-config="true" signature="beforeEachTest(java.lang.reflect.Method)[pri:0, instance:TestGumTree@70beb599]" started-at="2021-11-01T19:29:41 AEDT" name="beforeEachTest" finished-at="2021-11-01T19:30:15 AEDT" duration-ms="33787" status="PASS">
          <params>
            <param index="0">
              <value>
                <![CDATA[public void TestGumTree.TestSearch() throws java.lang.InterruptedException]]>
              </value>
            </param>
          </params>
          <reporter-output>
          </reporter-output>
        </test-method> <!-- beforeEachTest -->
        <test-method signature="TestSearch()[pri:0, instance:TestGumTree@70beb599]" started-at="2021-11-01T19:30:15 AEDT" name="TestSearch" finished-at="2021-11-01T19:30:41 AEDT" duration-ms="26181" status="PASS">
          <reporter-output>
          </reporter-output>
        </test-method> <!-- TestSearch -->
        <test-method is-config="true" signature="completedTest()[pri:0, instance:TestGumTree@70beb599]" started-at="2021-11-01T19:30:41 AEDT" name="completedTest" finished-at="2021-11-01T19:30:44 AEDT" duration-ms="2588" status="PASS">
          <reporter-output>
          </reporter-output>
        </test-method> <!-- completedTest -->
      </class> <!-- TestGumTree -->
    </test> <!-- Proj -->
  </suite> <!-- Default Suite -->
</testng-results>
